\BOOKMARK [0][]{chapter.1}{\376\377\0001\000\040\000W\000s\000t\001\031\000p}{}% 1
\BOOKMARK [1][]{section.1.1}{\376\377\0001\000.\0001\000\040\000Z\000a\000w\000a\000r\000t\000o\001\133\001\007\000\040\000w\000s\000t\001\031\000p\000u}{chapter.1}% 2
\BOOKMARK [2][]{subsection.1.1.1}{\376\377\0001\000.\0001\000.\0001\000\040\000O\000p\000i\000s\000\040\000z\000a\000g\000a\000d\000n\000i\000e\000n\000i\000a\000\040\000p\000o\000r\000u\000s\000z\000o\000n\000e\000g\000o\000\040\000w\000\040\000p\000r\000a\000c\000y}{section.1.1}% 3
\BOOKMARK [2][]{subsection.1.1.2}{\376\377\0001\000.\0001\000.\0002\000\040\000R\000y\000s\000\040\000h\000i\000s\000t\000o\000r\000y\000c\000z\000n\000y\000\040\000i\000\040\000a\000k\000t\000u\000a\000l\000n\000e\000\040\000z\000a\000s\000t\000o\000s\000o\000w\000a\000n\000i\000a}{section.1.1}% 4
\BOOKMARK [2][]{subsection.1.1.3}{\376\377\0001\000.\0001\000.\0003\000\040\000A\000u\000t\000o\000r\000s\000t\000w\000o\000\040\000p\000r\000a\000c\000y}{section.1.1}% 5
\BOOKMARK [1][]{section.1.2}{\376\377\0001\000.\0002\000\040\000C\000e\000l\000\040\000p\000r\000a\000c\000y}{chapter.1}% 6
\BOOKMARK [1][]{section.1.3}{\376\377\0001\000.\0003\000\040\000Z\000a\000w\000a\000r\000t\000o\001\133\001\007\000\040\000p\000r\000a\000c\000y}{chapter.1}% 7
\BOOKMARK [0][]{chapter.2}{\376\377\0002\000\040\000S\000t\000a\000n\000\040\000w\000i\000e\000d\000z\000y}{}% 8
\BOOKMARK [1][]{section.2.1}{\376\377\0002\000.\0001\000\040\000I\000n\000f\000o\000r\000m\000a\000c\000j\000e\000\040\000d\000o\000t\000y\000c\000z\001\005\000c\000e\000\040\000r\000e\000d\000a\000k\000c\000j\000i\000\040\000p\000r\000a\000c\000\040\000d\000y\000p\000l\000o\000m\000o\000w\000y\000c\000h}{chapter.2}% 9
\BOOKMARK [0][]{chapter.3}{\376\377\0003\000\040\000T\000r\000e\001\133\001\007\000\040\000p\000r\000a\000c\000y}{}% 10
\BOOKMARK [1][]{section.3.1}{\376\377\0003\000.\0001\000\040\000U\001\174\000w\000a\000n\000i\000e\000\040\000p\000a\000k\000i\000e\000t\000u\000\040\000L\000a\000T\000e\000X}{chapter.3}% 11
\BOOKMARK [1][]{section.3.2}{\376\377\0003\000.\0002\000\040\000P\000o\000d\000z\000i\000a\001\102\000\040\000p\000r\000a\000c\000y\000\040\000n\000a\000\040\000o\000s\000o\000b\000n\000e\000\040\000p\000l\000i\000k\000i}{chapter.3}% 12
\BOOKMARK [1][]{section.3.3}{\376\377\0003\000.\0003\000\040\000W\000z\000o\000r\000y\000\040\000m\000a\000t\000e\000m\000a\000t\000y\000c\000z\000n\000e\000\040\000w\000\040\000L\000a\000T\000e\000X}{chapter.3}% 13
\BOOKMARK [1][]{section.3.4}{\376\377\0003\000.\0004\000\040\000T\000a\000b\000e\000l\000e}{chapter.3}% 14
\BOOKMARK [1][]{section.3.5}{\376\377\0003\000.\0005\000\040\000R\000y\000s\000u\000n\000k\000i}{chapter.3}% 15
\BOOKMARK [1][]{section.3.6}{\376\377\0003\000.\0006\000\040\000D\000o\000d\000a\000w\000a\000n\000i\000e\000\040\000p\000a\000k\000i\000e\000t\000\363\000w}{chapter.3}% 16
\BOOKMARK [1][]{section.3.7}{\376\377\0003\000.\0007\000\040\000P\000a\000k\000i\000e\000t\000\040\000B\000i\000b\000T\000e\000X}{chapter.3}% 17
\BOOKMARK [0][]{chapter.4}{\376\377\0004\000\040\000L\000o\000g\000i\000k\000a\000\040\000P\000r\000o\000g\000r\000a\000m\000o\000w\000a\000l\000n\000a}{}% 18
\BOOKMARK [1][]{section.4.1}{\376\377\0004\000.\0001\000\040\000S\000t\000r\000u\000k\000t\000u\000r\000a\000\040\000p\000r\000o\000j\000e\000k\000t\000o\000w\000a\000n\000i\000a\000\040\000k\000o\000m\000p\000o\000n\000e\000n\000t\000\363\000w\000\040\000l\000o\000g\000i\000k\000i\000\040\000p\000r\000o\000g\000r\000a\000m\000o\000w\000a\000l\000n\000e\000j}{chapter.4}% 19
\BOOKMARK [1][]{section.4.2}{\376\377\0004\000.\0002\000\040\000M\000o\000d\000u\001\102\000\040\000A\000X\000I\000\040\000C\000e\000n\000t\000r\000a\000l\000l\000\040\000D\000M\000A}{chapter.4}% 20
\BOOKMARK [2][]{subsection.4.2.1}{\376\377\0004\000.\0002\000.\0001\000\040\000C\000e\000n\000t\000r\000a\000l\000\040\000D\000M\000A\000\040\000-\000\040\000s\000i\000m\000p\000l\000e\000\040\000m\000o\000d\000e}{section.4.2}% 21
\BOOKMARK [2][]{subsection.4.2.2}{\376\377\0004\000.\0002\000.\0002\000\040\000C\000e\000n\000t\000r\000a\000l\000\040\000D\000M\000A\000\040\000-\000\040\000s\000c\000a\000t\000t\000e\000r\000\040\000g\000a\000t\000h\000e\000r}{section.4.2}% 22
\BOOKMARK [1][]{section.4.3}{\376\377\0004\000.\0003\000\040\000D\000z\000i\000a\001\102\000a\000n\000i\000e\000\040\000m\000o\000d\000u\001\102\000u\000\040\000p\000o\000r\000\363\000w\000n\000u\000j\001\005\000c\000e\000g\000o}{chapter.4}% 23
\BOOKMARK [1][]{section.4.4}{\376\377\0004\000.\0004\000\040\000D\000z\000i\000a\001\102\000a\000n\000i\000e\000\040\000m\000o\000d\000u\001\102\000u\000\040\000z\000w\000r\000a\000c\000a\000j\001\005\000c\000e\000g\000o\000\040\000d\000y\000s\000p\000a\000r\000y\000c\000j\000e}{chapter.4}% 24
\BOOKMARK [1][]{section.4.5}{\376\377\0004\000.\0005\000\040\000D\000z\000i\000a\001\102\000a\000n\000i\000e\000\040\000g\000e\000n\000e\000r\000y\000c\000z\000n\000e\000g\000o\000\040\000k\000o\000d\000u\000\040\000m\000a\000g\000i\000s\000t\000r\000a\000l\000i\000\040\000a\000x\000i}{chapter.4}% 25
\BOOKMARK [2][]{subsection.4.5.1}{\376\377\0004\000.\0005\000.\0001\000\040\000A\000X\000I\000\040\000f\000u\000l\000l}{section.4.5}% 26
\BOOKMARK [1][]{section.4.6}{\376\377\0004\000.\0006\000\040\000N\000a\000r\000z\001\031\000d\000z\000i\000a\000\040\000d\000e\000b\000u\000g\000o\000w\000a\000n\000i\000a}{chapter.4}% 27
\BOOKMARK [2][]{subsection.4.6.1}{\376\377\0004\000.\0006\000.\0001\000\040\000B\000e\000h\000a\000w\000i\000o\000r\000a\000l\000n\000y\000\040\000s\000y\000m\000u\000l\000a\000t\000o\000r\000\040\000o\000f\000f\000l\000i\000n\000e}{section.4.6}% 28
\BOOKMARK [2][]{subsection.4.6.2}{\376\377\0004\000.\0006\000.\0002\000\040\000D\000e\000b\000u\000g\000o\000w\000a\000n\000i\000e\000\040\000p\000o\000p\000r\000z\000e\000z\000\040\000J\000T\000A\000G}{section.4.6}% 29
\BOOKMARK [2][]{subsection.4.6.3}{\376\377\0004\000.\0006\000.\0003\000\040\000X\000i\000l\000l\000i\000n\000x\000\040\000M\000i\000c\000r\000o\000p\000r\000o\000c\000e\000s\000s\000o\000r\000\040\000D\000e\000b\000u\000g}{section.4.6}% 30
\BOOKMARK [1][]{section.4.7}{\376\377\0004\000.\0007\000\040\000N\000a\000p\000o\000t\000k\000a\000n\000e\000\040\000p\000r\000o\000b\000l\000e\000m\000y\000\040\000i\000\040\000m\000o\001\174\000l\000i\000w\000o\001\133\000c\000i\000\040\000o\000p\000t\000y\000m\000a\000l\000i\000z\000a\000c\000j\000i}{chapter.4}% 31
\BOOKMARK [0][]{chapter.5}{\376\377\0005\000\040\000P\000o\000d\000s\000u\000m\000o\000w\000a\000n\000i\000e}{}% 32
\BOOKMARK [0][]{appendix.A}{\376\377\000A\000\040\000O\000p\000i\000s\000\040\000z\000a\000w\000a\000r\000t\000o\001\133\000c\000i\000\040\000p\001\102\000y\000t\000y\000\040\000D\000V\000D}{}% 33
\BOOKMARK [1][]{section.A.1}{\376\377\000A\000.\0001\000\040\000P\000r\000z\000y\000k\001\102\000a\000d\000o\000w\000y\000\040\000p\000o\000d\000r\000o\000z\000d\000z\000i\000a\001\102\000\040\000d\000o\000d\000a\000t\000k\000u}{appendix.A}% 34
\BOOKMARK [0][]{appendix.B}{\376\377\000B\000\040\000R\000y\000s\000u\000n\000k\000i\000\040\000t\000e\000c\000h\000n\000i\000c\000z\000n\000e}{}% 35
\BOOKMARK [0][]{section*.11}{\376\377\000S\000p\000i\000s\000\040\000t\000a\000b\000l\000i\000c}{}% 36
\BOOKMARK [0][]{section*.12}{\376\377\000S\000p\000i\000s\000\040\000r\000y\000s\000u\000n\000k\000\363\000w}{}% 37
\BOOKMARK [0][]{section*.14}{\376\377\000L\000i\000t\000e\000r\000a\000t\000u\000r\000a}{}% 38
